{"E:\\IT_and_programing\\Frontend\\8.0_Homeworks\\Task_8.1\\dist\\js\\Character.js": {"path":"E:\\IT_and_programing\\Frontend\\8.0_Homeworks\\Task_8.1\\dist\\js\\Character.js","statementMap":{"0":{"start":{"line":1,"column":0},"end":{"line":1,"column":44}},"1":{"start":{"line":3,"column":0},"end":{"line":5,"column":3}},"2":{"start":{"line":6,"column":0},"end":{"line":6,"column":25}},"3":{"start":{"line":8,"column":50},"end":{"line":8,"column":151}},"4":{"start":{"line":8,"column":92},"end":{"line":8,"column":149}},"5":{"start":{"line":10,"column":18},"end":{"line":15,"column":1}},"6":{"start":{"line":11,"column":2},"end":{"line":11,"column":35}},"7":{"start":{"line":13,"column":2},"end":{"line":13,"column":19}},"8":{"start":{"line":14,"column":2},"end":{"line":14,"column":19}},"9":{"start":{"line":17,"column":17},"end":{"line":17,"column":26}},"10":{"start":{"line":18,"column":0},"end":{"line":18,"column":27}}},"fnMap":{"0":{"name":"_classCallCheck","decl":{"start":{"line":8,"column":9},"end":{"line":8,"column":24}},"loc":{"start":{"line":8,"column":48},"end":{"line":8,"column":153}},"line":8},"1":{"name":"Character","decl":{"start":{"line":10,"column":27},"end":{"line":10,"column":36}},"loc":{"start":{"line":10,"column":49},"end":{"line":15,"column":1}},"line":10}},"branchMap":{"0":{"loc":{"start":{"line":8,"column":50},"end":{"line":8,"column":151}},"type":"if","locations":[{"start":{"line":8,"column":50},"end":{"line":8,"column":151}},{"start":{"line":8,"column":50},"end":{"line":8,"column":151}}],"line":8}},"s":{"0":1,"1":1,"2":1,"3":3,"4":0,"5":1,"6":3,"7":3,"8":3,"9":1,"10":1},"f":{"0":3,"1":3},"b":{"0":[0,3]},"_coverageSchema":"1a1c01bbd47fc00a2c39e90264f33305004495a9","hash":"cfb498bfaad62eae8601f97fcecc71f7d639e384"}
,"E:\\IT_and_programing\\Frontend\\8.0_Homeworks\\Task_8.1\\dist\\js\\Team.js": {"path":"E:\\IT_and_programing\\Frontend\\8.0_Homeworks\\Task_8.1\\dist\\js\\Team.js","statementMap":{"0":{"start":{"line":1,"column":0},"end":{"line":1,"column":45}},"1":{"start":{"line":3,"column":0},"end":{"line":3,"column":41}},"2":{"start":{"line":5,"column":0},"end":{"line":5,"column":45}},"3":{"start":{"line":7,"column":0},"end":{"line":7,"column":53}},"4":{"start":{"line":9,"column":0},"end":{"line":9,"column":47}},"5":{"start":{"line":11,"column":0},"end":{"line":11,"column":34}},"6":{"start":{"line":13,"column":0},"end":{"line":13,"column":46}},"7":{"start":{"line":15,"column":0},"end":{"line":15,"column":56}},"8":{"start":{"line":17,"column":0},"end":{"line":17,"column":56}},"9":{"start":{"line":19,"column":0},"end":{"line":21,"column":3}},"10":{"start":{"line":22,"column":0},"end":{"line":22,"column":25}},"11":{"start":{"line":24,"column":50},"end":{"line":24,"column":151}},"12":{"start":{"line":24,"column":92},"end":{"line":24,"column":149}},"13":{"start":{"line":26,"column":44},"end":{"line":26,"column":317}},"14":{"start":{"line":26,"column":57},"end":{"line":26,"column":58}},"15":{"start":{"line":26,"column":104},"end":{"line":26,"column":112}},"16":{"start":{"line":26,"column":114},"end":{"line":26,"column":169}},"17":{"start":{"line":26,"column":170},"end":{"line":26,"column":201}},"18":{"start":{"line":26,"column":202},"end":{"line":26,"column":256}},"19":{"start":{"line":26,"column":229},"end":{"line":26,"column":256}},"20":{"start":{"line":26,"column":257},"end":{"line":26,"column":315}},"21":{"start":{"line":28,"column":62},"end":{"line":28,"column":131}},"22":{"start":{"line":28,"column":78},"end":{"line":28,"column":131}},"23":{"start":{"line":28,"column":132},"end":{"line":28,"column":193}},"24":{"start":{"line":28,"column":149},"end":{"line":28,"column":193}},"25":{"start":{"line":28,"column":194},"end":{"line":28,"column":213}},"26":{"start":{"line":30,"column":29},"end":{"line":67,"column":3}},"27":{"start":{"line":32,"column":4},"end":{"line":32,"column":32}},"28":{"start":{"line":34,"column":4},"end":{"line":34,"column":29}},"29":{"start":{"line":37,"column":2},"end":{"line":64,"column":6}},"30":{"start":{"line":40,"column":6},"end":{"line":42,"column":7}},"31":{"start":{"line":41,"column":8},"end":{"line":41,"column":46}},"32":{"start":{"line":43,"column":6},"end":{"line":43,"column":31}},"33":{"start":{"line":48,"column":20},"end":{"line":48,"column":24}},"34":{"start":{"line":50,"column":6},"end":{"line":52,"column":7}},"35":{"start":{"line":50,"column":22},"end":{"line":50,"column":38}},"36":{"start":{"line":50,"column":48},"end":{"line":50,"column":63}},"37":{"start":{"line":50,"column":72},"end":{"line":50,"column":73}},"38":{"start":{"line":51,"column":8},"end":{"line":51,"column":38}},"39":{"start":{"line":54,"column":6},"end":{"line":56,"column":9}},"40":{"start":{"line":55,"column":8},"end":{"line":55,"column":32}},"41":{"start":{"line":57,"column":6},"end":{"line":57,"column":31}},"42":{"start":{"line":62,"column":6},"end":{"line":62,"column":38}},"43":{"start":{"line":66,"column":2},"end":{"line":66,"column":14}},"44":{"start":{"line":69,"column":17},"end":{"line":69,"column":21}},"45":{"start":{"line":70,"column":0},"end":{"line":70,"column":27}}},"fnMap":{"0":{"name":"_classCallCheck","decl":{"start":{"line":24,"column":9},"end":{"line":24,"column":24}},"loc":{"start":{"line":24,"column":48},"end":{"line":24,"column":153}},"line":24},"1":{"name":"_defineProperties","decl":{"start":{"line":26,"column":9},"end":{"line":26,"column":26}},"loc":{"start":{"line":26,"column":42},"end":{"line":26,"column":319}},"line":26},"2":{"name":"_createClass","decl":{"start":{"line":28,"column":9},"end":{"line":28,"column":21}},"loc":{"start":{"line":28,"column":60},"end":{"line":28,"column":215}},"line":28},"3":{"name":"(anonymous_3)","decl":{"start":{"line":30,"column":29},"end":{"line":30,"column":30}},"loc":{"start":{"line":30,"column":41},"end":{"line":67,"column":1}},"line":30},"4":{"name":"Team","decl":{"start":{"line":31,"column":11},"end":{"line":31,"column":15}},"loc":{"start":{"line":31,"column":18},"end":{"line":35,"column":3}},"line":31},"5":{"name":"add","decl":{"start":{"line":39,"column":20},"end":{"line":39,"column":23}},"loc":{"start":{"line":39,"column":32},"end":{"line":44,"column":5}},"line":39},"6":{"name":"addAll","decl":{"start":{"line":47,"column":20},"end":{"line":47,"column":26}},"loc":{"start":{"line":47,"column":29},"end":{"line":58,"column":5}},"line":47},"7":{"name":"(anonymous_7)","decl":{"start":{"line":54,"column":20},"end":{"line":54,"column":21}},"loc":{"start":{"line":54,"column":30},"end":{"line":56,"column":7}},"line":54},"8":{"name":"toArray","decl":{"start":{"line":61,"column":20},"end":{"line":61,"column":27}},"loc":{"start":{"line":61,"column":30},"end":{"line":63,"column":5}},"line":61}},"branchMap":{"0":{"loc":{"start":{"line":24,"column":50},"end":{"line":24,"column":151}},"type":"if","locations":[{"start":{"line":24,"column":50},"end":{"line":24,"column":151}},{"start":{"line":24,"column":50},"end":{"line":24,"column":151}}],"line":24},"1":{"loc":{"start":{"line":26,"column":138},"end":{"line":26,"column":168}},"type":"binary-expr","locations":[{"start":{"line":26,"column":138},"end":{"line":26,"column":159}},{"start":{"line":26,"column":163},"end":{"line":26,"column":168}}],"line":26},"2":{"loc":{"start":{"line":26,"column":202},"end":{"line":26,"column":256}},"type":"if","locations":[{"start":{"line":26,"column":202},"end":{"line":26,"column":256}},{"start":{"line":26,"column":202},"end":{"line":26,"column":256}}],"line":26},"3":{"loc":{"start":{"line":28,"column":62},"end":{"line":28,"column":131}},"type":"if","locations":[{"start":{"line":28,"column":62},"end":{"line":28,"column":131}},{"start":{"line":28,"column":62},"end":{"line":28,"column":131}}],"line":28},"4":{"loc":{"start":{"line":28,"column":132},"end":{"line":28,"column":193}},"type":"if","locations":[{"start":{"line":28,"column":132},"end":{"line":28,"column":193}},{"start":{"line":28,"column":132},"end":{"line":28,"column":193}}],"line":28},"5":{"loc":{"start":{"line":40,"column":6},"end":{"line":42,"column":7}},"type":"if","locations":[{"start":{"line":40,"column":6},"end":{"line":42,"column":7}},{"start":{"line":40,"column":6},"end":{"line":42,"column":7}}],"line":40}},"s":{"0":1,"1":1,"2":1,"3":1,"4":1,"5":1,"6":1,"7":1,"8":1,"9":1,"10":1,"11":6,"12":0,"13":1,"14":1,"15":3,"16":3,"17":3,"18":3,"19":3,"20":3,"21":1,"22":1,"23":1,"24":0,"25":1,"26":1,"27":6,"28":6,"29":1,"30":4,"31":1,"32":3,"33":5,"34":5,"35":5,"36":5,"37":5,"38":15,"39":5,"40":15,"41":5,"42":1,"43":1,"44":1,"45":1},"f":{"0":6,"1":1,"2":1,"3":1,"4":6,"5":4,"6":5,"7":15,"8":1},"b":{"0":[0,6],"1":[3,3],"2":[3,0],"3":[1,0],"4":[0,1],"5":[1,3]},"_coverageSchema":"1a1c01bbd47fc00a2c39e90264f33305004495a9","hash":"7cc984e78668cbd9aefb81485aeff030dbf9ba50"}
,"E:\\IT_and_programing\\Frontend\\8.0_Homeworks\\Task_8.1\\src\\js\\Character.js": {"path":"E:\\IT_and_programing\\Frontend\\8.0_Homeworks\\Task_8.1\\src\\js\\Character.js","statementMap":{"0":{"start":{"line":3,"column":4},"end":{"line":3,"column":21}},"1":{"start":{"line":4,"column":4},"end":{"line":4,"column":21}}},"fnMap":{"0":{"name":"(anonymous_0)","decl":{"start":{"line":2,"column":2},"end":{"line":2,"column":3}},"loc":{"start":{"line":2,"column":26},"end":{"line":5,"column":3}},"line":2}},"branchMap":{},"s":{"0":3,"1":3},"f":{"0":3},"b":{},"_coverageSchema":"1a1c01bbd47fc00a2c39e90264f33305004495a9","hash":"82a0cc2183daece22e25e9de3824ca9c4c00ef3c"}
,"E:\\IT_and_programing\\Frontend\\8.0_Homeworks\\Task_8.1\\src\\js\\Team.js": {"path":"E:\\IT_and_programing\\Frontend\\8.0_Homeworks\\Task_8.1\\src\\js\\Team.js","statementMap":{"0":{"start":{"line":4,"column":4},"end":{"line":4,"column":29}},"1":{"start":{"line":8,"column":4},"end":{"line":10,"column":5}},"2":{"start":{"line":9,"column":6},"end":{"line":9,"column":44}},"3":{"start":{"line":11,"column":4},"end":{"line":11,"column":29}},"4":{"start":{"line":15,"column":4},"end":{"line":17,"column":7}},"5":{"start":{"line":16,"column":6},"end":{"line":16,"column":29}},"6":{"start":{"line":18,"column":4},"end":{"line":18,"column":29}},"7":{"start":{"line":22,"column":4},"end":{"line":22,"column":36}}},"fnMap":{"0":{"name":"(anonymous_0)","decl":{"start":{"line":3,"column":2},"end":{"line":3,"column":3}},"loc":{"start":{"line":3,"column":16},"end":{"line":5,"column":3}},"line":3},"1":{"name":"(anonymous_1)","decl":{"start":{"line":7,"column":2},"end":{"line":7,"column":3}},"loc":{"start":{"line":7,"column":14},"end":{"line":12,"column":3}},"line":7},"2":{"name":"(anonymous_2)","decl":{"start":{"line":14,"column":2},"end":{"line":14,"column":3}},"loc":{"start":{"line":14,"column":19},"end":{"line":19,"column":3}},"line":14},"3":{"name":"(anonymous_3)","decl":{"start":{"line":15,"column":18},"end":{"line":15,"column":19}},"loc":{"start":{"line":15,"column":28},"end":{"line":17,"column":5}},"line":15},"4":{"name":"(anonymous_4)","decl":{"start":{"line":21,"column":2},"end":{"line":21,"column":3}},"loc":{"start":{"line":21,"column":12},"end":{"line":23,"column":3}},"line":21}},"branchMap":{"0":{"loc":{"start":{"line":8,"column":4},"end":{"line":10,"column":5}},"type":"if","locations":[{"start":{"line":8,"column":4},"end":{"line":10,"column":5}},{"start":{"line":8,"column":4},"end":{"line":10,"column":5}}],"line":8}},"s":{"0":6,"1":4,"2":1,"3":3,"4":5,"5":15,"6":5,"7":1},"f":{"0":6,"1":4,"2":5,"3":15,"4":1},"b":{"0":[1,3]},"_coverageSchema":"1a1c01bbd47fc00a2c39e90264f33305004495a9","hash":"34d441849b6355365dc356aebde8d9912111722c"}
}
