TN:
SF:dist\js\Character.js
FN:8,_classCallCheck
FN:10,Character
FNF:2
FNH:2
FNDA:3,_classCallCheck
FNDA:3,Character
DA:1,1
DA:3,1
DA:6,1
DA:8,3
DA:10,1
DA:11,3
DA:13,3
DA:14,3
DA:17,1
DA:18,1
LF:10
LH:10
BRDA:8,0,0,0
BRDA:8,0,1,3
BRF:2
BRH:1
end_of_record
TN:
SF:dist\js\Team.js
FN:24,_classCallCheck
FN:26,_defineProperties
FN:28,_createClass
FN:30,(anonymous_3)
FN:31,Team
FN:39,add
FN:47,addAll
FN:54,(anonymous_7)
FN:61,toArray
FNF:9
FNH:9
FNDA:6,_classCallCheck
FNDA:1,_defineProperties
FNDA:1,_createClass
FNDA:1,(anonymous_3)
FNDA:6,Team
FNDA:4,add
FNDA:5,addAll
FNDA:15,(anonymous_7)
FNDA:1,toArray
DA:1,1
DA:3,1
DA:5,1
DA:7,1
DA:9,1
DA:11,1
DA:13,1
DA:15,1
DA:17,1
DA:19,1
DA:22,1
DA:24,6
DA:26,3
DA:28,1
DA:30,1
DA:32,6
DA:34,6
DA:37,1
DA:40,4
DA:41,1
DA:43,3
DA:48,5
DA:50,5
DA:51,15
DA:54,5
DA:55,15
DA:57,5
DA:62,1
DA:66,1
DA:69,1
DA:70,1
LF:31
LH:31
BRDA:24,0,0,0
BRDA:24,0,1,6
BRDA:26,1,0,3
BRDA:26,1,1,3
BRDA:26,2,0,3
BRDA:26,2,1,0
BRDA:28,3,0,1
BRDA:28,3,1,0
BRDA:28,4,0,0
BRDA:28,4,1,1
BRDA:40,5,0,1
BRDA:40,5,1,3
BRF:12
BRH:8
end_of_record
TN:
SF:src\js\Character.js
FN:2,(anonymous_0)
FNF:1
FNH:1
FNDA:3,(anonymous_0)
DA:3,3
DA:4,3
LF:2
LH:2
BRF:0
BRH:0
end_of_record
TN:
SF:src\js\Team.js
FN:3,(anonymous_0)
FN:7,(anonymous_1)
FN:14,(anonymous_2)
FN:15,(anonymous_3)
FN:21,(anonymous_4)
FNF:5
FNH:5
FNDA:7,(anonymous_0)
FNDA:5,(anonymous_1)
FNDA:6,(anonymous_2)
FNDA:19,(anonymous_3)
FNDA:1,(anonymous_4)
DA:4,7
DA:8,5
DA:9,1
DA:11,4
DA:15,6
DA:16,19
DA:18,6
DA:22,1
LF:8
LH:8
BRDA:8,0,0,1
BRDA:8,0,1,4
BRF:2
BRH:2
end_of_record
